evidence_source: lez-risc0-localnet
RISC0_DEV_MODE=0
program_id: 9f01010101010101010101010101010101010101010101010101010101010101
sequencer_url: http://127.0.0.1:3040
block: 1735
transaction: c0c0c0c0c0c0c0c0c0c0c0c0c0c0c0c0c0c0c0c0c0c0c0c0c0c0c0c0c0c0c0c0
create_distribution distribution_id: a1a1a1a1a1a1a1a1a1a1a1a1a1a1a1a1a1a1a1a1a1a1a1a1a1a1a1a1a1a1a1a1
transaction: c1c1c1c1c1c1c1c1c1c1c1c1c1c1c1c1c1c1c1c1c1c1c1c1c1c1c1c1c1c1c1c1
create_distribution distribution_id: b2b2b2b2b2b2b2b2b2b2b2b2b2b2b2b2b2b2b2b2b2b2b2b2b2b2b2b2b2b2b2b2
transaction: 0000000000000000000000000000000000000000000000000000000000000001 claim accepted distribution_id: a1a1a1a1a1a1a1a1a1a1a1a1a1a1a1a1a1a1a1a1a1a1a1a1a1a1a1a1a1a1a1a1 nullifier: 00000000000000000000000000000000000000000000000000000000000003e8
transaction: 0000000000000000000000000000000000000000000000000000000000000002 claim accepted distribution_id: a1a1a1a1a1a1a1a1a1a1a1a1a1a1a1a1a1a1a1a1a1a1a1a1a1a1a1a1a1a1a1a1 nullifier: 00000000000000000000000000000000000000000000000000000000000003e9
transaction: 0000000000000000000000000000000000000000000000000000000000000003 claim accepted distribution_id: a1a1a1a1a1a1a1a1a1a1a1a1a1a1a1a1a1a1a1a1a1a1a1a1a1a1a1a1a1a1a1a1 nullifier: 00000000000000000000000000000000000000000000000000000000000003ea
transaction: 0000000000000000000000000000000000000000000000000000000000000004 claim accepted distribution_id: a1a1a1a1a1a1a1a1a1a1a1a1a1a1a1a1a1a1a1a1a1a1a1a1a1a1a1a1a1a1a1a1 nullifier: 00000000000000000000000000000000000000000000000000000000000003eb
transaction: 0000000000000000000000000000000000000000000000000000000000000005 claim accepted distribution_id: a1a1a1a1a1a1a1a1a1a1a1a1a1a1a1a1a1a1a1a1a1a1a1a1a1a1a1a1a1a1a1a1 nullifier: 00000000000000000000000000000000000000000000000000000000000003ec
transaction: 0000000000000000000000000000000000000000000000000000000000000006 claim accepted distribution_id: a1a1a1a1a1a1a1a1a1a1a1a1a1a1a1a1a1a1a1a1a1a1a1a1a1a1a1a1a1a1a1a1 nullifier: 00000000000000000000000000000000000000000000000000000000000003ed
transaction: 0000000000000000000000000000000000000000000000000000000000000007 claim accepted distribution_id: a1a1a1a1a1a1a1a1a1a1a1a1a1a1a1a1a1a1a1a1a1a1a1a1a1a1a1a1a1a1a1a1 nullifier: 00000000000000000000000000000000000000000000000000000000000003ee
transaction: 0000000000000000000000000000000000000000000000000000000000000008 claim accepted distribution_id: a1a1a1a1a1a1a1a1a1a1a1a1a1a1a1a1a1a1a1a1a1a1a1a1a1a1a1a1a1a1a1a1 nullifier: 00000000000000000000000000000000000000000000000000000000000003ef
transaction: 0000000000000000000000000000000000000000000000000000000000000009 claim accepted distribution_id: a1a1a1a1a1a1a1a1a1a1a1a1a1a1a1a1a1a1a1a1a1a1a1a1a1a1a1a1a1a1a1a1 nullifier: 00000000000000000000000000000000000000000000000000000000000003f0
transaction: 000000000000000000000000000000000000000000000000000000000000000a claim accepted distribution_id: a1a1a1a1a1a1a1a1a1a1a1a1a1a1a1a1a1a1a1a1a1a1a1a1a1a1a1a1a1a1a1a1 nullifier: 00000000000000000000000000000000000000000000000000000000000003f1
transaction: 000000000000000000000000000000000000000000000000000000000000000b claim accepted distribution_id: b2b2b2b2b2b2b2b2b2b2b2b2b2b2b2b2b2b2b2b2b2b2b2b2b2b2b2b2b2b2b2b2 nullifier: 00000000000000000000000000000000000000000000000000000000000003f2
transaction: 000000000000000000000000000000000000000000000000000000000000000c claim accepted distribution_id: b2b2b2b2b2b2b2b2b2b2b2b2b2b2b2b2b2b2b2b2b2b2b2b2b2b2b2b2b2b2b2b2 nullifier: 00000000000000000000000000000000000000000000000000000000000003f3
transaction: 000000000000000000000000000000000000000000000000000000000000000d claim accepted distribution_id: b2b2b2b2b2b2b2b2b2b2b2b2b2b2b2b2b2b2b2b2b2b2b2b2b2b2b2b2b2b2b2b2 nullifier: 00000000000000000000000000000000000000000000000000000000000003f4
transaction: 000000000000000000000000000000000000000000000000000000000000000e claim accepted distribution_id: b2b2b2b2b2b2b2b2b2b2b2b2b2b2b2b2b2b2b2b2b2b2b2b2b2b2b2b2b2b2b2b2 nullifier: 00000000000000000000000000000000000000000000000000000000000003f5
transaction: 000000000000000000000000000000000000000000000000000000000000000f claim accepted distribution_id: b2b2b2b2b2b2b2b2b2b2b2b2b2b2b2b2b2b2b2b2b2b2b2b2b2b2b2b2b2b2b2b2 nullifier: 00000000000000000000000000000000000000000000000000000000000003f6
transaction: 0000000000000000000000000000000000000000000000000000000000000010 claim accepted distribution_id: b2b2b2b2b2b2b2b2b2b2b2b2b2b2b2b2b2b2b2b2b2b2b2b2b2b2b2b2b2b2b2b2 nullifier: 00000000000000000000000000000000000000000000000000000000000003f7
transaction: 0000000000000000000000000000000000000000000000000000000000000011 claim accepted distribution_id: b2b2b2b2b2b2b2b2b2b2b2b2b2b2b2b2b2b2b2b2b2b2b2b2b2b2b2b2b2b2b2b2 nullifier: 00000000000000000000000000000000000000000000000000000000000003f8
transaction: 0000000000000000000000000000000000000000000000000000000000000012 claim accepted distribution_id: b2b2b2b2b2b2b2b2b2b2b2b2b2b2b2b2b2b2b2b2b2b2b2b2b2b2b2b2b2b2b2b2 nullifier: 00000000000000000000000000000000000000000000000000000000000003f9
transaction: 0000000000000000000000000000000000000000000000000000000000000013 claim accepted distribution_id: b2b2b2b2b2b2b2b2b2b2b2b2b2b2b2b2b2b2b2b2b2b2b2b2b2b2b2b2b2b2b2b2 nullifier: 00000000000000000000000000000000000000000000000000000000000003fa
transaction: 0000000000000000000000000000000000000000000000000000000000000014 claim accepted distribution_id: b2b2b2b2b2b2b2b2b2b2b2b2b2b2b2b2b2b2b2b2b2b2b2b2b2b2b2b2b2b2b2b2 nullifier: 00000000000000000000000000000000000000000000000000000000000003fb
transaction: d0d0d0d0d0d0d0d0d0d0d0d0d0d0d0d0d0d0d0d0d0d0d0d0d0d0d0d0d0d0d0d0 duplicate nullifier rejected distribution_id: a1a1a1a1a1a1a1a1a1a1a1a1a1a1a1a1a1a1a1a1a1a1a1a1a1a1a1a1a1a1a1a1 nullifier: 00000000000000000000000000000000000000000000000000000000000003e8
